[debug] [2022-06-10T21:27:32.564Z] ----------------------------------------------------------------------
[debug] [2022-06-10T21:27:32.566Z] Command:       C:\Program Files\nodejs\node.exe C:\Users\Nice\AppData\Roaming\npm\node_modules\firebase-tools\lib\bin\firebase.js init hosting
[debug] [2022-06-10T21:27:32.567Z] CLI Version:   11.0.1
[debug] [2022-06-10T21:27:32.567Z] Platform:      win32
[debug] [2022-06-10T21:27:32.567Z] Node Version:  v16.14.2
[debug] [2022-06-10T21:27:32.568Z] Time:          Sat Jun 11 2022 02:57:32 GMT+0530 (India Standard Time)
[debug] [2022-06-10T21:27:32.568Z] ----------------------------------------------------------------------
[debug] 
[debug] [2022-06-10T21:27:32.641Z] > command requires scopes: ["email","openid","https://www.googleapis.com/auth/cloudplatformprojects.readonly","https://www.googleapis.com/auth/firebase","https://www.googleapis.com/auth/cloud-platform"]
[debug] [2022-06-10T21:27:32.642Z] > authorizing via signed-in user (rashtradamahe8320@gmail.com)
[info] 
     ######## #### ########  ######## ########     ###     ######  ########
     ##        ##  ##     ## ##       ##     ##  ##   ##  ##       ##
     ######    ##  ########  ######   ########  #########  ######  ######
     ##        ##  ##    ##  ##       ##     ## ##     ##       ## ##
     ##       #### ##     ## ######## ########  ##     ##  ######  ########

You're about to initialize a Firebase project in this directory:

  C:\Users\Nice\Documents\Projects\Amazon-Clone

Before we get started, keep in mind:

  * You are initializing within an existing Firebase project directory

[info] 
=== Project Setup
[info] 
[info] First, let's associate this project directory with a Firebase project.
[info] You can create multiple project aliases by running firebase use --add, 
[info] but for now we'll just set up a default project.
[info] 
[debug] [2022-06-10T21:27:45.683Z] Using project from CLI flag: app-clone-9a8d3
[debug] [2022-06-10T21:27:45.687Z] >>> [apiv2][query] GET https://firebase.googleapis.com/v1beta1/projects/app-clone-9a8d3 [none]
[debug] [2022-06-10T21:27:46.515Z] <<< [apiv2][status] GET https://firebase.googleapis.com/v1beta1/projects/app-clone-9a8d3 403
[debug] [2022-06-10T21:27:46.515Z] <<< [apiv2][body] GET https://firebase.googleapis.com/v1beta1/projects/app-clone-9a8d3 {"error":{"code":403,"message":"The caller does not have permission","status":"PERMISSION_DENIED"}}
[debug] [2022-06-10T21:27:46.516Z] HTTP Error: 403, The caller does not have permission
[debug] [2022-06-10T21:27:46.760Z] FirebaseError: HTTP Error: 403, The caller does not have permission
    at module.exports (C:\Users\Nice\AppData\Roaming\npm\node_modules\firebase-tools\lib\responseToError.js:47:12)
    at RetryOperation._fn (C:\Users\Nice\AppData\Roaming\npm\node_modules\firebase-tools\lib\apiv2.js:286:39)
    at processTicksAndRejections (node:internal/process/task_queues:96:5)
[error] 
[error] Error: Failed to get Firebase project app-clone-9a8d3. Please make sure the project exists and your account has permission to access it.
[debug] [2022-06-10T21:35:41.564Z] ----------------------------------------------------------------------
[debug] [2022-06-10T21:35:41.567Z] Command:       C:\Program Files\nodejs\node.exe C:\Users\Nice\AppData\Roaming\npm\node_modules\firebase-tools\lib\bin\firebase.js init
[debug] [2022-06-10T21:35:41.568Z] CLI Version:   11.0.1
[debug] [2022-06-10T21:35:41.568Z] Platform:      win32
[debug] [2022-06-10T21:35:41.568Z] Node Version:  v16.14.2
[debug] [2022-06-10T21:35:41.571Z] Time:          Sat Jun 11 2022 03:05:41 GMT+0530 (India Standard Time)
[debug] [2022-06-10T21:35:41.571Z] ----------------------------------------------------------------------
[debug] 
[debug] [2022-06-10T21:35:41.655Z] > command requires scopes: ["email","openid","https://www.googleapis.com/auth/cloudplatformprojects.readonly","https://www.googleapis.com/auth/firebase","https://www.googleapis.com/auth/cloud-platform"]
[debug] [2022-06-10T21:35:41.655Z] > authorizing via signed-in user (rashtradamahe8320@gmail.com)
[info] 
     ######## #### ########  ######## ########     ###     ######  ########
     ##        ##  ##     ## ##       ##     ##  ##   ##  ##       ##
     ######    ##  ########  ######   ########  #########  ######  ######
     ##        ##  ##    ##  ##       ##     ## ##     ##       ## ##
     ##       #### ##     ## ######## ########  ##     ##  ######  ########

You're about to initialize a Firebase project in this directory:

  C:\Users\Nice\Documents\Projects\Amazon-Clone

Before we get started, keep in mind:

  * You are initializing within an existing Firebase project directory

[info] 
=== Project Setup
[info] 
[info] First, let's associate this project directory with a Firebase project.
[info] You can create multiple project aliases by running firebase use --add, 
[info] but for now we'll just set up a default project.
[info] 
[debug] [2022-06-10T21:36:16.668Z] Using project from CLI flag: app-clone-9a8d3
[debug] [2022-06-10T21:36:16.671Z] >>> [apiv2][query] GET https://firebase.googleapis.com/v1beta1/projects/app-clone-9a8d3 [none]
[debug] [2022-06-10T21:36:17.605Z] <<< [apiv2][status] GET https://firebase.googleapis.com/v1beta1/projects/app-clone-9a8d3 403
[debug] [2022-06-10T21:36:17.606Z] <<< [apiv2][body] GET https://firebase.googleapis.com/v1beta1/projects/app-clone-9a8d3 {"error":{"code":403,"message":"The caller does not have permission","status":"PERMISSION_DENIED"}}
[debug] [2022-06-10T21:36:17.606Z] HTTP Error: 403, The caller does not have permission
[debug] [2022-06-10T21:36:17.884Z] FirebaseError: HTTP Error: 403, The caller does not have permission
    at module.exports (C:\Users\Nice\AppData\Roaming\npm\node_modules\firebase-tools\lib\responseToError.js:47:12)
    at RetryOperation._fn (C:\Users\Nice\AppData\Roaming\npm\node_modules\firebase-tools\lib\apiv2.js:286:39)
    at processTicksAndRejections (node:internal/process/task_queues:96:5)
[error] 
[error] Error: Failed to get Firebase project app-clone-9a8d3. Please make sure the project exists and your account has permission to access it.
[debug] [2022-06-10T21:37:43.589Z] ----------------------------------------------------------------------
[debug] [2022-06-10T21:37:43.591Z] Command:       C:\Program Files\nodejs\node.exe C:\Users\Nice\AppData\Roaming\npm\node_modules\firebase-tools\lib\bin\firebase.js init
[debug] [2022-06-10T21:37:43.592Z] CLI Version:   11.0.1
[debug] [2022-06-10T21:37:43.592Z] Platform:      win32
[debug] [2022-06-10T21:37:43.593Z] Node Version:  v16.14.2
[debug] [2022-06-10T21:37:43.594Z] Time:          Sat Jun 11 2022 03:07:43 GMT+0530 (India Standard Time)
[debug] [2022-06-10T21:37:43.594Z] ----------------------------------------------------------------------
[debug] 
[debug] [2022-06-10T21:37:43.605Z] > command requires scopes: ["email","openid","https://www.googleapis.com/auth/cloudplatformprojects.readonly","https://www.googleapis.com/auth/firebase","https://www.googleapis.com/auth/cloud-platform"]
[debug] [2022-06-10T21:37:43.605Z] > authorizing via signed-in user (rashtradamahe8320@gmail.com)
[info] 
     ######## #### ########  ######## ########     ###     ######  ########
     ##        ##  ##     ## ##       ##     ##  ##   ##  ##       ##
     ######    ##  ########  ######   ########  #########  ######  ######
     ##        ##  ##    ##  ##       ##     ## ##     ##       ## ##
     ##       #### ##     ## ######## ########  ##     ##  ######  ########

You're about to initialize a Firebase project in this directory:

  C:\Users\Nice\Documents\Projects\Amazon-Clone

[info] 
=== Project Setup
[info] 
[info] First, let's associate this project directory with a Firebase project.
[info] You can create multiple project aliases by running firebase use --add, 
[info] but for now we'll just set up a default project.
[info] 
[debug] [2022-06-10T21:38:19.420Z] >>> [apiv2][query] GET https://firebase.googleapis.com/v1beta1/projects pageSize=100
[debug] [2022-06-10T21:38:20.492Z] <<< [apiv2][status] GET https://firebase.googleapis.com/v1beta1/projects 200
[debug] [2022-06-10T21:38:20.492Z] <<< [apiv2][body] GET https://firebase.googleapis.com/v1beta1/projects [omitted]
[info] i  Using project clone-57efb (Amazon Clone ) 
[info] 
=== Hosting Setup
[info] 
[info] Your public directory is the folder (relative to your project directory) that
[info] will contain Hosting assets to be uploaded with firebase deploy. If you
[info] have a build process for your assets, use your build's output directory.
[info] 
[debug] [2022-06-10T21:39:14.080Z] >>> [apiv2][query] GET https://www.gstatic.com/firebasejs/releases.json [none]
[debug] [2022-06-10T21:39:14.368Z] <<< [apiv2][status] GET https://www.gstatic.com/firebasejs/releases.json 200
[debug] [2022-06-10T21:39:14.369Z] <<< [apiv2][body] GET https://www.gstatic.com/firebasejs/releases.json {"current":{"version":"9.8.3","browserURL":"https://www.gstatic.com/firebasejs/9.8.3/firebase.js","packageURL":"https://www.gstatic.com/firebasejs/9.8.3/firebase.tgz"},"live":{"version":"9.8","browserURL":"https://www.gstatic.com/firebasejs/live/9.8/firebase.js","packageURL":"https://www.gstatic.com/firebasejs/live/9.8/firebase.tgz"},"components":{"analytics":"https://www.gstatic.com/firebasejs/9.8.3/firebase-analytics.js","app":"https://www.gstatic.com/firebasejs/9.8.3/firebase-app.js","app-check":"https://www.gstatic.com/firebasejs/9.8.3/firebase-app-check.js","auth":"https://www.gstatic.com/firebasejs/9.8.3/firebase-auth.js","auth/cordova":"https://www.gstatic.com/firebasejs/9.8.3/firebase-auth/cordova.js","auth/react-native":"https://www.gstatic.com/firebasejs/9.8.3/firebase-auth/react-native.js","functions":"https://www.gstatic.com/firebasejs/9.8.3/firebase-functions.js","firestore":"https://www.gstatic.com/firebasejs/9.8.3/firebase-firestore.js","firestore/lite":"https://www.gstatic.com/firebasejs/9.8.3/firebase-firestore/lite.js","storage":"https://www.gstatic.com/firebasejs/9.8.3/firebase-storage.js","performance":"https://www.gstatic.com/firebasejs/9.8.3/firebase-performance.js","remote-config":"https://www.gstatic.com/firebasejs/9.8.3/firebase-remote-config.js","messaging":"https://www.gstatic.com/firebasejs/9.8.3/firebase-messaging.js","messaging/sw":"https://www.gstatic.com/firebasejs/9.8.3/firebase-messaging/sw.js","database":"https://www.gstatic.com/firebasejs/9.8.3/firebase-database.js","firestore.memory":"https://www.gstatic.com/firebasejs/9.8.3/firebase-firestore.memory.js"}}
[info] +  Wrote build/index.html 
[info] 
[info] i  Detected a .git folder at C:\Users\Nice\Documents\Projects\Amazon-Clone 
[info] i  Authorizing with GitHub to upload your service account to a GitHub repository's secrets store. 
[info] 
[info] Visit this URL on this device to log in:
[info] https://github.com/login/oauth/authorize?client_id=89cf50f02ac6aaed3484&state=468722291&redirect_uri=http%3A%2F%2Flocalhost%3A9005&scope=read%3Auser%20repo%20public_repo
[info] 
[info] Waiting for authentication...
[debug] [2022-06-10T21:39:15.233Z] >>> HTTP REQUEST POST https://github.com/login/oauth/access_token  
 {"client_id":"89cf50f02ac6aaed3484","client_secret":"3330d14abc895d9a74d5f17cd7a00711fa2c5bf0","code":"c7a155be38e69cbfd4ff","redirect_uri":"http://localhost:9005","state":"468722291"}
[debug] [2022-06-10T21:39:15.687Z] <<< HTTP RESPONSE 200 {"server":"GitHub.com","date":"Fri, 10 Jun 2022 21:39:15 GMT","content-type":"application/json; charset=utf-8","transfer-encoding":"chunked","vary":"X-PJAX, X-PJAX-Container, Turbo-Visit, Turbo-Frame, Accept-Encoding, Accept, X-Requested-With","permissions-policy":"interest-cohort=()","etag":"W/\"8b6492b689b5469728fca57a20afe5de\"","cache-control":"max-age=0, private, must-revalidate","strict-transport-security":"max-age=31536000; includeSubdomains; preload","x-frame-options":"deny","x-content-type-options":"nosniff","x-xss-protection":"0","referrer-policy":"origin-when-cross-origin, strict-origin-when-cross-origin","expect-ct":"max-age=2592000, report-uri=\"https://api.github.com/_private/browser/errors\"","content-security-policy":"default-src 'none'; base-uri 'self'; block-all-mixed-content; child-src github.com/assets-cdn/worker/ gist.github.com/assets-cdn/worker/; connect-src 'self' uploads.github.com objects-origin.githubusercontent.com www.githubstatus.com collector.github.com raw.githubusercontent.com api.github.com github-cloud.s3.amazonaws.com github-production-repository-file-5c1aeb.s3.amazonaws.com github-production-upload-manifest-file-7fdce7.s3.amazonaws.com github-production-user-asset-6210df.s3.amazonaws.com cdn.optimizely.com logx.optimizely.com/v1/events *.actions.githubusercontent.com wss://*.actions.githubusercontent.com online.visualstudio.com/api/v1/locations github-production-repository-image-32fea6.s3.amazonaws.com github-production-release-asset-2e65be.s3.amazonaws.com insights.github.com wss://alive.github.com; font-src github.githubassets.com; form-action 'self' github.com gist.github.com objects-origin.githubusercontent.com; frame-ancestors 'none'; frame-src render.githubusercontent.com viewscreen.githubusercontent.com notebooks.githubusercontent.com; img-src 'self' data: github.githubassets.com identicons.github.com github-cloud.s3.amazonaws.com secured-user-images.githubusercontent.com/ github-production-user-asset-6210df.s3.amazonaws.com *.githubusercontent.com; manifest-src 'self'; media-src github.com user-images.githubusercontent.com/; script-src github.githubassets.com; style-src 'unsafe-inline' github.githubassets.com; worker-src github.com/assets-cdn/worker/ gist.github.com/assets-cdn/worker/","x-github-request-id":"E353:11E0:18A2224:1ABE26F:62A3BA02"}
[debug] [2022-06-10T21:39:15.695Z] >>> [apiv2][query] GET https://api.github.com/user [none]
[debug] [2022-06-10T21:39:16.214Z] <<< [apiv2][status] GET https://api.github.com/user 200
[debug] [2022-06-10T21:39:16.214Z] <<< [apiv2][body] GET https://api.github.com/user {"login":"rashtra83","id":67512468,"node_id":"MDQ6VXNlcjY3NTEyNDY4","avatar_url":"https://avatars.githubusercontent.com/u/67512468?v=4","gravatar_id":"","url":"https://api.github.com/users/rashtra83","html_url":"https://github.com/rashtra83","followers_url":"https://api.github.com/users/rashtra83/followers","following_url":"https://api.github.com/users/rashtra83/following{/other_user}","gists_url":"https://api.github.com/users/rashtra83/gists{/gist_id}","starred_url":"https://api.github.com/users/rashtra83/starred{/owner}{/repo}","subscriptions_url":"https://api.github.com/users/rashtra83/subscriptions","organizations_url":"https://api.github.com/users/rashtra83/orgs","repos_url":"https://api.github.com/users/rashtra83/repos","events_url":"https://api.github.com/users/rashtra83/events{/privacy}","received_events_url":"https://api.github.com/users/rashtra83/received_events","type":"User","site_admin":false,"name":"Rashtra Damahe","company":null,"blog":"","location":"Indore","email":null,"hireable":null,"bio":null,"twitter_username":null,"public_repos":10,"public_gists":0,"followers":1,"following":1,"created_at":"2020-06-27T15:10:47Z","updated_at":"2022-04-28T17:36:56Z","private_gists":0,"total_private_repos":0,"owned_private_repos":0,"disk_usage":2602,"collaborators":0,"two_factor_authentication":false,"plan":{"name":"pro","space":976562499,"collaborators":0,"private_repos":9999}}
[info] 
[info] +  Success! Logged into GitHub as rashtra83 
[info] 
